This is pdfTeX, Version 3.14159265-2.6-1.40.18 (TeX Live 2017) (preloaded format=pdflatex 2017.6.7)  24 AUG 2017 01:16
entering extended mode
 \write18 enabled.
 %&-line parsing enabled.
**example.tex
(./example.tex
LaTeX2e <2017-04-15>
Babel <3.10> and hyphenation patterns for 84 language(s) loaded.
(/usr/local/texlive/2017/texmf-dist/tex/latex/base/article.cls
Document Class: article 2014/09/29 v1.4h Standard LaTeX document class
(/usr/local/texlive/2017/texmf-dist/tex/latex/base/size10.clo
File: size10.clo 2014/09/29 v1.4h Standard LaTeX file (size option)
)
\c@part=\count79
\c@section=\count80
\c@subsection=\count81
\c@subsubsection=\count82
\c@paragraph=\count83
\c@subparagraph=\count84
\c@figure=\count85
\c@table=\count86
\abovecaptionskip=\skip41
\belowcaptionskip=\skip42
\bibindent=\dimen102
)
(/usr/local/texlive/2017/texmf-dist/tex/latex/hyperref/hyperref.sty
Package: hyperref 2017/03/14 v6.85a Hypertext links for LaTeX

(/usr/local/texlive/2017/texmf-dist/tex/generic/oberdiek/hobsub-hyperref.sty
Package: hobsub-hyperref 2016/05/16 v1.14 Bundle oberdiek, subset hyperref (HO)


(/usr/local/texlive/2017/texmf-dist/tex/generic/oberdiek/hobsub-generic.sty
Package: hobsub-generic 2016/05/16 v1.14 Bundle oberdiek, subset generic (HO)
Package: hobsub 2016/05/16 v1.14 Construct package bundles (HO)
Package: infwarerr 2016/05/16 v1.4 Providing info/warning/error messages (HO)
Package: ltxcmds 2016/05/16 v1.23 LaTeX kernel commands for general use (HO)
Package: ifluatex 2016/05/16 v1.4 Provides the ifluatex switch (HO)
Package ifluatex Info: LuaTeX not detected.
Package: ifvtex 2016/05/16 v1.6 Detect VTeX and its facilities (HO)
Package ifvtex Info: VTeX not detected.
Package: intcalc 2016/05/16 v1.2 Expandable calculations with integers (HO)
Package: ifpdf 2017/03/15 v3.2 Provides the ifpdf switch
Package: etexcmds 2016/05/16 v1.6 Avoid name clashes with e-TeX commands (HO)
Package etexcmds Info: Could not find \expanded.
(etexcmds)             That can mean that you are not using pdfTeX 1.50 or
(etexcmds)             that some package has redefined \expanded.
(etexcmds)             In the latter case, load this package earlier.
Package: kvsetkeys 2016/05/16 v1.17 Key value parser (HO)
Package: kvdefinekeys 2016/05/16 v1.4 Define keys (HO)
Package: pdftexcmds 2017/03/19 v0.25 Utility functions of pdfTeX for LuaTeX (HO
)
Package pdftexcmds Info: LuaTeX not detected.
Package pdftexcmds Info: \pdf@primitive is available.
Package pdftexcmds Info: \pdf@ifprimitive is available.
Package pdftexcmds Info: \pdfdraftmode found.
Package: pdfescape 2016/05/16 v1.14 Implements pdfTeX's escape features (HO)
Package: bigintcalc 2016/05/16 v1.4 Expandable calculations on big integers (HO
)
Package: bitset 2016/05/16 v1.2 Handle bit-vector datatype (HO)
Package: uniquecounter 2016/05/16 v1.3 Provide unlimited unique counter (HO)
)
Package hobsub Info: Skipping package `hobsub' (already loaded).
Package: letltxmacro 2016/05/16 v1.5 Let assignment for LaTeX macros (HO)
Package: hopatch 2016/05/16 v1.3 Wrapper for package hooks (HO)
Package: xcolor-patch 2016/05/16 xcolor patch
Package: atveryend 2016/05/16 v1.9 Hooks at the very end of document (HO)
Package atveryend Info: \enddocument detected (standard20110627).
Package: atbegshi 2016/06/09 v1.18 At begin shipout hook (HO)
Package: refcount 2016/05/16 v3.5 Data extraction from label references (HO)
Package: hycolor 2016/05/16 v1.8 Color options for hyperref/bookmark (HO)
)
(/usr/local/texlive/2017/texmf-dist/tex/latex/graphics/keyval.sty
Package: keyval 2014/10/28 v1.15 key=value parser (DPC)
\KV@toks@=\toks14
)
(/usr/local/texlive/2017/texmf-dist/tex/generic/ifxetex/ifxetex.sty
Package: ifxetex 2010/09/12 v0.6 Provides ifxetex conditional
)
(/usr/local/texlive/2017/texmf-dist/tex/latex/oberdiek/auxhook.sty
Package: auxhook 2016/05/16 v1.4 Hooks for auxiliary files (HO)
)
(/usr/local/texlive/2017/texmf-dist/tex/latex/oberdiek/kvoptions.sty
Package: kvoptions 2016/05/16 v3.12 Key value format for package options (HO)
)
\@linkdim=\dimen103
\Hy@linkcounter=\count87
\Hy@pagecounter=\count88

(/usr/local/texlive/2017/texmf-dist/tex/latex/hyperref/pd1enc.def
File: pd1enc.def 2017/03/14 v6.85a Hyperref: PDFDocEncoding definition (HO)
)
\Hy@SavedSpaceFactor=\count89

(/usr/local/texlive/2017/texmf-dist/tex/latex/latexconfig/hyperref.cfg
File: hyperref.cfg 2002/06/06 v1.2 hyperref configuration of TeXLive
)
Package hyperref Info: Option `colorlinks' set `true' on input line 4374.
Package hyperref Info: Hyper figures OFF on input line 4498.
Package hyperref Info: Link nesting OFF on input line 4503.
Package hyperref Info: Hyper index ON on input line 4506.
Package hyperref Info: Plain pages OFF on input line 4513.
Package hyperref Info: Backreferencing OFF on input line 4518.
Package hyperref Info: Implicit mode ON; LaTeX internals redefined.
Package hyperref Info: Bookmarks ON on input line 4751.
\c@Hy@tempcnt=\count90

(/usr/local/texlive/2017/texmf-dist/tex/latex/url/url.sty
\Urlmuskip=\muskip10
Package: url 2013/09/16  ver 3.4  Verb mode for urls, etc.
)
LaTeX Info: Redefining \url on input line 5104.
\XeTeXLinkMargin=\dimen104
\Fld@menulength=\count91
\Field@Width=\dimen105
\Fld@charsize=\dimen106
Package hyperref Info: Hyper figures OFF on input line 6358.
Package hyperref Info: Link nesting OFF on input line 6363.
Package hyperref Info: Hyper index ON on input line 6366.
Package hyperref Info: backreferencing OFF on input line 6373.
Package hyperref Info: Link coloring ON on input line 6376.
Package hyperref Info: Link coloring with OCG OFF on input line 6383.
Package hyperref Info: PDF/A mode OFF on input line 6388.
LaTeX Info: Redefining \ref on input line 6428.
LaTeX Info: Redefining \pageref on input line 6432.
\Hy@abspage=\count92
\c@Item=\count93
\c@Hfootnote=\count94
)

Package hyperref Message: Driver (autodetected): hpdftex.

(/usr/local/texlive/2017/texmf-dist/tex/latex/hyperref/hpdftex.def
File: hpdftex.def 2017/03/14 v6.85a Hyperref driver for pdfTeX
\Fld@listcount=\count95
\c@bookmark@seq@number=\count96

(/usr/local/texlive/2017/texmf-dist/tex/latex/oberdiek/rerunfilecheck.sty
Package: rerunfilecheck 2016/05/16 v1.8 Rerun checks for auxiliary files (HO)
Package uniquecounter Info: New unique counter `rerunfilecheck' on input line 2
82.
)
\Hy@SectionHShift=\skip43
)
(/usr/local/texlive/2017/texmf-dist/tex/latex/cleveref/cleveref.sty
Package: cleveref 2013/12/28 v0.19 Intelligent cross-referencing
Package cleveref Info: `hyperref' support loaded on input line 2230.
LaTeX Info: Redefining \cref on input line 2230.
LaTeX Info: Redefining \Cref on input line 2230.
LaTeX Info: Redefining \crefrange on input line 2230.
LaTeX Info: Redefining \Crefrange on input line 2230.
LaTeX Info: Redefining \cpageref on input line 2230.
LaTeX Info: Redefining \Cpageref on input line 2230.
LaTeX Info: Redefining \cpagerefrange on input line 2230.
LaTeX Info: Redefining \Cpagerefrange on input line 2230.
LaTeX Info: Redefining \labelcref on input line 2230.
LaTeX Info: Redefining \labelcpageref on input line 2230.
Package cleveref Info: include cross-reference names in hyperlinks on input lin
e 7476.
Package cleveref Info: include cross-reference names in hyperlinks on input lin
e 7493.
)
(/usr/local/texlive/2017/texmf-dist/tex/latex/minted/minted.sty
Package: minted 2016/10/31 v2.4.1 Yet another Pygments shim for LaTeX

(/usr/local/texlive/2017/texmf-dist/tex/latex/fvextra/fvextra.sty
Package: fvextra 2016/09/02 v1.2.1 fvextra - extensions and patches for fancyvr
b

(/usr/local/texlive/2017/texmf-dist/tex/latex/base/ifthen.sty
Package: ifthen 2014/09/29 v1.1c Standard LaTeX ifthen package (DPC)
)
(/usr/local/texlive/2017/texmf-dist/tex/latex/etoolbox/etoolbox.sty
Package: etoolbox 2017/01/02 v2.4 e-TeX tools for LaTeX (JAW)
\etb@tempcnta=\count97
)
(/usr/local/texlive/2017/texmf-dist/tex/latex/fancyvrb/fancyvrb.sty
Package: fancyvrb 2008/02/07

Style option: `fancyvrb' v2.7a, with DG/SPQR fixes, and firstline=lastline fix 
<2008/02/07> (tvz)
\FV@CodeLineNo=\count98
\FV@InFile=\read1
\FV@TabBox=\box26
\c@FancyVerbLine=\count99
\FV@StepNumber=\count100
\FV@OutFile=\write3
)
(/usr/local/texlive/2017/texmf-dist/tex/latex/upquote/upquote.sty
Package: upquote 2012/04/19 v1.3 upright-quote and grave-accent glyphs in verba
tim
)
(/usr/local/texlive/2017/texmf-dist/tex/latex/lineno/lineno.sty
Package: lineno 2005/11/02 line numbers on paragraphs v4.41
\linenopenalty=\count101
\output=\toks15
\linenoprevgraf=\count102
\linenumbersep=\dimen107
\linenumberwidth=\dimen108
\c@linenumber=\count103
\c@pagewiselinenumber=\count104
\c@LN@truepage=\count105
\c@internallinenumber=\count106
\c@internallinenumbers=\count107
\quotelinenumbersep=\dimen109
\bframerule=\dimen110
\bframesep=\dimen111
\bframebox=\box27
LaTeX Info: Redefining \\ on input line 3056.
)
\c@FV@TrueTabGroupLevel=\count108
\c@FV@TrueTabCounter=\count109
\FV@TabBox@Group=\box28
\FV@TmpLength=\skip44
\c@FV@HighlightLinesStart=\count110
\c@FV@HighlightLinesStop=\count111
\FV@BreakIndent=\dimen112
\FV@BreakSymbolSepLeft=\dimen113
\FV@BreakSymbolSepRight=\dimen114
\FV@BreakSymbolIndentLeft=\dimen115
\FV@BreakSymbolIndentRight=\dimen116
\c@FancyVerbLineBreakLast=\count112
\FV@LineBox=\box29
\FV@LineIndentBox=\box30
)
(/usr/local/texlive/2017/texmf-dist/tex/latex/float/float.sty
Package: float 2001/11/08 v1.3d Float enhancements (AL)
\c@float@type=\count113
\float@exts=\toks16
\float@box=\box31
\@float@everytoks=\toks17
\@floatcapt=\box32
)
(/usr/local/texlive/2017/texmf-dist/tex/latex/tools/calc.sty
Package: calc 2014/10/28 v4.3 Infix arithmetic (KKT,FJ)
\calc@Acount=\count114
\calc@Bcount=\count115
\calc@Adimen=\dimen117
\calc@Bdimen=\dimen118
\calc@Askip=\skip45
\calc@Bskip=\skip46
LaTeX Info: Redefining \setlength on input line 80.
LaTeX Info: Redefining \addtolength on input line 81.
\calc@Ccount=\count116
\calc@Cskip=\skip47
)
(/usr/local/texlive/2017/texmf-dist/tex/latex/tools/shellesc.sty
Package: shellesc 2016/06/07 v0.02a unified shell escape interface for LaTeX
Package shellesc Info: Unrestricted shell escape enabled on input line 67.
)
(/usr/local/texlive/2017/texmf-dist/tex/latex/ifplatform/ifplatform.sty
Package: ifplatform 2010/10/22 v0.4 Testing for the operating system

(/usr/local/texlive/2017/texmf-dist/tex/generic/oberdiek/catchfile.sty
Package: catchfile 2016/05/16 v1.7 Catch the contents of a file (HO)
)
runsystem(uname -s > "example.w18")...executed.


(./example.w18)
runsystem(rm -- "example.w18")...executed.

)
(/usr/local/texlive/2017/texmf-dist/tex/generic/xstring/xstring.sty
(/usr/local/texlive/2017/texmf-dist/tex/generic/xstring/xstring.tex
\@xs@message=\write4
\integerpart=\count117
\decimalpart=\count118
)
Package: xstring 2013/10/13  v1.7c  String manipulations (C Tellechea)
)
(/usr/local/texlive/2017/texmf-dist/tex/latex/framed/framed.sty
Package: framed 2011/10/22 v 0.96: framed or shaded text with page breaks
\OuterFrameSep=\skip48
\fb@frw=\dimen119
\fb@frh=\dimen120
\FrameRule=\dimen121
\FrameSep=\dimen122
)
\minted@appexistsfile=\read2
\minted@bgbox=\box33
\minted@code=\write5
\c@minted@FancyVerbLineTemp=\count119
\c@minted@pygmentizecounter=\count120
\@float@every@listing=\toks18
\c@listing=\count121
)
runsystem(mkdir -p _minted-example)...executed.


(/usr/local/texlive/2017/texmf-dist/tex/latex/pgf/basiclayer/pgf.sty
(/usr/local/texlive/2017/texmf-dist/tex/latex/pgf/utilities/pgfrcs.sty
(/usr/local/texlive/2017/texmf-dist/tex/generic/pgf/utilities/pgfutil-common.te
x
\pgfutil@everybye=\toks19
\pgfutil@tempdima=\dimen123
\pgfutil@tempdimb=\dimen124

(/usr/local/texlive/2017/texmf-dist/tex/generic/pgf/utilities/pgfutil-common-li
sts.tex))
(/usr/local/texlive/2017/texmf-dist/tex/generic/pgf/utilities/pgfutil-latex.def
\pgfutil@abb=\box34
(/usr/local/texlive/2017/texmf-dist/tex/latex/ms/everyshi.sty
Package: everyshi 2001/05/15 v3.00 EveryShipout Package (MS)
))
(/usr/local/texlive/2017/texmf-dist/tex/generic/pgf/utilities/pgfrcs.code.tex
Package: pgfrcs 2015/08/07 v3.0.1a (rcs-revision 1.31)
))
Package: pgf 2015/08/07 v3.0.1a (rcs-revision 1.15)
(/usr/local/texlive/2017/texmf-dist/tex/latex/pgf/basiclayer/pgfcore.sty
(/usr/local/texlive/2017/texmf-dist/tex/latex/graphics/graphicx.sty
Package: graphicx 2014/10/28 v1.0g Enhanced LaTeX Graphics (DPC,SPQR)

(/usr/local/texlive/2017/texmf-dist/tex/latex/graphics/graphics.sty
Package: graphics 2017/04/14 v1.1b Standard LaTeX Graphics (DPC,SPQR)

(/usr/local/texlive/2017/texmf-dist/tex/latex/graphics/trig.sty
Package: trig 2016/01/03 v1.10 sin cos tan (DPC)
)
(/usr/local/texlive/2017/texmf-dist/tex/latex/graphics-cfg/graphics.cfg
File: graphics.cfg 2016/06/04 v1.11 sample graphics configuration
)
Package graphics Info: Driver file: pdftex.def on input line 99.

(/usr/local/texlive/2017/texmf-dist/tex/latex/graphics-def/pdftex.def
File: pdftex.def 2017/01/12 v0.06k Graphics/color for pdfTeX
\Gread@gobject=\count122
))
\Gin@req@height=\dimen125
\Gin@req@width=\dimen126
)
(/usr/local/texlive/2017/texmf-dist/tex/latex/pgf/systemlayer/pgfsys.sty
(/usr/local/texlive/2017/texmf-dist/tex/generic/pgf/systemlayer/pgfsys.code.tex
Package: pgfsys 2014/07/09 v3.0.1a (rcs-revision 1.48)
(/usr/local/texlive/2017/texmf-dist/tex/generic/pgf/utilities/pgfkeys.code.tex
\pgfkeys@pathtoks=\toks20
\pgfkeys@temptoks=\toks21

(/usr/local/texlive/2017/texmf-dist/tex/generic/pgf/utilities/pgfkeysfiltered.c
ode.tex
\pgfkeys@tmptoks=\toks22
))
\pgf@x=\dimen127
\pgf@y=\dimen128
\pgf@xa=\dimen129
\pgf@ya=\dimen130
\pgf@xb=\dimen131
\pgf@yb=\dimen132
\pgf@xc=\dimen133
\pgf@yc=\dimen134
\w@pgf@writea=\write6
\r@pgf@reada=\read3
\c@pgf@counta=\count123
\c@pgf@countb=\count124
\c@pgf@countc=\count125
\c@pgf@countd=\count126
\t@pgf@toka=\toks23
\t@pgf@tokb=\toks24
\t@pgf@tokc=\toks25

(/usr/local/texlive/2017/texmf-dist/tex/generic/pgf/systemlayer/pgf.cfg
File: pgf.cfg 2008/05/14  (rcs-revision 1.7)
)
Driver file for pgf: pgfsys-pdftex.def

(/usr/local/texlive/2017/texmf-dist/tex/generic/pgf/systemlayer/pgfsys-pdftex.d
ef
File: pgfsys-pdftex.def 2014/10/11  (rcs-revision 1.35)

(/usr/local/texlive/2017/texmf-dist/tex/generic/pgf/systemlayer/pgfsys-common-p
df.def
File: pgfsys-common-pdf.def 2013/10/10  (rcs-revision 1.13)
)))
(/usr/local/texlive/2017/texmf-dist/tex/generic/pgf/systemlayer/pgfsyssoftpath.
code.tex
File: pgfsyssoftpath.code.tex 2013/09/09  (rcs-revision 1.9)
\pgfsyssoftpath@smallbuffer@items=\count127
\pgfsyssoftpath@bigbuffer@items=\count128
)
(/usr/local/texlive/2017/texmf-dist/tex/generic/pgf/systemlayer/pgfsysprotocol.
code.tex
File: pgfsysprotocol.code.tex 2006/10/16  (rcs-revision 1.4)
)) (/usr/local/texlive/2017/texmf-dist/tex/latex/xcolor/xcolor.sty
Package: xcolor 2016/05/11 v2.12 LaTeX color extensions (UK)

(/usr/local/texlive/2017/texmf-dist/tex/latex/graphics-cfg/color.cfg
File: color.cfg 2016/01/02 v1.6 sample color configuration
)
Package xcolor Info: Driver file: pdftex.def on input line 225.
Package xcolor Info: Model `cmy' substituted by `cmy0' on input line 1348.
Package xcolor Info: Model `hsb' substituted by `rgb' on input line 1352.
Package xcolor Info: Model `RGB' extended on input line 1364.
Package xcolor Info: Model `HTML' substituted by `rgb' on input line 1366.
Package xcolor Info: Model `Hsb' substituted by `hsb' on input line 1367.
Package xcolor Info: Model `tHsb' substituted by `hsb' on input line 1368.
Package xcolor Info: Model `HSB' substituted by `hsb' on input line 1369.
Package xcolor Info: Model `Gray' substituted by `gray' on input line 1370.
Package xcolor Info: Model `wave' substituted by `hsb' on input line 1371.
)
(/usr/local/texlive/2017/texmf-dist/tex/generic/pgf/basiclayer/pgfcore.code.tex
Package: pgfcore 2010/04/11 v3.0.1a (rcs-revision 1.7)
(/usr/local/texlive/2017/texmf-dist/tex/generic/pgf/math/pgfmath.code.tex
(/usr/local/texlive/2017/texmf-dist/tex/generic/pgf/math/pgfmathcalc.code.tex
(/usr/local/texlive/2017/texmf-dist/tex/generic/pgf/math/pgfmathutil.code.tex)
(/usr/local/texlive/2017/texmf-dist/tex/generic/pgf/math/pgfmathparser.code.tex
\pgfmath@dimen=\dimen135
\pgfmath@count=\count129
\pgfmath@box=\box35
\pgfmath@toks=\toks26
\pgfmath@stack@operand=\toks27
\pgfmath@stack@operation=\toks28
)
(/usr/local/texlive/2017/texmf-dist/tex/generic/pgf/math/pgfmathfunctions.code.
tex
(/usr/local/texlive/2017/texmf-dist/tex/generic/pgf/math/pgfmathfunctions.basic
.code.tex)
(/usr/local/texlive/2017/texmf-dist/tex/generic/pgf/math/pgfmathfunctions.trigo
nometric.code.tex)
(/usr/local/texlive/2017/texmf-dist/tex/generic/pgf/math/pgfmathfunctions.rando
m.code.tex)
(/usr/local/texlive/2017/texmf-dist/tex/generic/pgf/math/pgfmathfunctions.compa
rison.code.tex)
(/usr/local/texlive/2017/texmf-dist/tex/generic/pgf/math/pgfmathfunctions.base.
code.tex)
(/usr/local/texlive/2017/texmf-dist/tex/generic/pgf/math/pgfmathfunctions.round
.code.tex)
(/usr/local/texlive/2017/texmf-dist/tex/generic/pgf/math/pgfmathfunctions.misc.
code.tex)
(/usr/local/texlive/2017/texmf-dist/tex/generic/pgf/math/pgfmathfunctions.integ
erarithmetics.code.tex)))
(/usr/local/texlive/2017/texmf-dist/tex/generic/pgf/math/pgfmathfloat.code.tex
\c@pgfmathroundto@lastzeros=\count130
))
(/usr/local/texlive/2017/texmf-dist/tex/generic/pgf/basiclayer/pgfcorepoints.co
de.tex
File: pgfcorepoints.code.tex 2013/10/07  (rcs-revision 1.27)
\pgf@picminx=\dimen136
\pgf@picmaxx=\dimen137
\pgf@picminy=\dimen138
\pgf@picmaxy=\dimen139
\pgf@pathminx=\dimen140
\pgf@pathmaxx=\dimen141
\pgf@pathminy=\dimen142
\pgf@pathmaxy=\dimen143
\pgf@xx=\dimen144
\pgf@xy=\dimen145
\pgf@yx=\dimen146
\pgf@yy=\dimen147
\pgf@zx=\dimen148
\pgf@zy=\dimen149
)
(/usr/local/texlive/2017/texmf-dist/tex/generic/pgf/basiclayer/pgfcorepathconst
ruct.code.tex
File: pgfcorepathconstruct.code.tex 2013/10/07  (rcs-revision 1.29)
\pgf@path@lastx=\dimen150
\pgf@path@lasty=\dimen151
)
(/usr/local/texlive/2017/texmf-dist/tex/generic/pgf/basiclayer/pgfcorepathusage
.code.tex
File: pgfcorepathusage.code.tex 2014/11/02  (rcs-revision 1.24)
\pgf@shorten@end@additional=\dimen152
\pgf@shorten@start@additional=\dimen153
)
(/usr/local/texlive/2017/texmf-dist/tex/generic/pgf/basiclayer/pgfcorescopes.co
de.tex
File: pgfcorescopes.code.tex 2015/05/08  (rcs-revision 1.46)
\pgfpic=\box36
\pgf@hbox=\box37
\pgf@layerbox@main=\box38
\pgf@picture@serial@count=\count131
)
(/usr/local/texlive/2017/texmf-dist/tex/generic/pgf/basiclayer/pgfcoregraphicst
ate.code.tex
File: pgfcoregraphicstate.code.tex 2014/11/02  (rcs-revision 1.12)
\pgflinewidth=\dimen154
)
(/usr/local/texlive/2017/texmf-dist/tex/generic/pgf/basiclayer/pgfcoretransform
ations.code.tex
File: pgfcoretransformations.code.tex 2015/08/07  (rcs-revision 1.20)
\pgf@pt@x=\dimen155
\pgf@pt@y=\dimen156
\pgf@pt@temp=\dimen157
)
(/usr/local/texlive/2017/texmf-dist/tex/generic/pgf/basiclayer/pgfcorequick.cod
e.tex
File: pgfcorequick.code.tex 2008/10/09  (rcs-revision 1.3)
)
(/usr/local/texlive/2017/texmf-dist/tex/generic/pgf/basiclayer/pgfcoreobjects.c
ode.tex
File: pgfcoreobjects.code.tex 2006/10/11  (rcs-revision 1.2)
)
(/usr/local/texlive/2017/texmf-dist/tex/generic/pgf/basiclayer/pgfcorepathproce
ssing.code.tex
File: pgfcorepathprocessing.code.tex 2013/09/09  (rcs-revision 1.9)
)
(/usr/local/texlive/2017/texmf-dist/tex/generic/pgf/basiclayer/pgfcorearrows.co
de.tex
File: pgfcorearrows.code.tex 2015/05/14  (rcs-revision 1.43)
\pgfarrowsep=\dimen158
)
(/usr/local/texlive/2017/texmf-dist/tex/generic/pgf/basiclayer/pgfcoreshade.cod
e.tex
File: pgfcoreshade.code.tex 2013/07/15  (rcs-revision 1.15)
\pgf@max=\dimen159
\pgf@sys@shading@range@num=\count132
)
(/usr/local/texlive/2017/texmf-dist/tex/generic/pgf/basiclayer/pgfcoreimage.cod
e.tex
File: pgfcoreimage.code.tex 2013/07/15  (rcs-revision 1.18)

(/usr/local/texlive/2017/texmf-dist/tex/generic/pgf/basiclayer/pgfcoreexternal.
code.tex
File: pgfcoreexternal.code.tex 2014/07/09  (rcs-revision 1.21)
\pgfexternal@startupbox=\box39
))
(/usr/local/texlive/2017/texmf-dist/tex/generic/pgf/basiclayer/pgfcorelayers.co
de.tex
File: pgfcorelayers.code.tex 2013/07/18  (rcs-revision 1.7)
)
(/usr/local/texlive/2017/texmf-dist/tex/generic/pgf/basiclayer/pgfcoretranspare
ncy.code.tex
File: pgfcoretransparency.code.tex 2013/09/30  (rcs-revision 1.5)
)
(/usr/local/texlive/2017/texmf-dist/tex/generic/pgf/basiclayer/pgfcorepatterns.
code.tex
File: pgfcorepatterns.code.tex 2013/11/07  (rcs-revision 1.5)
)))
(/usr/local/texlive/2017/texmf-dist/tex/generic/pgf/modules/pgfmoduleshapes.cod
e.tex
File: pgfmoduleshapes.code.tex 2014/03/21  (rcs-revision 1.35)
\pgfnodeparttextbox=\box40
)
(/usr/local/texlive/2017/texmf-dist/tex/generic/pgf/modules/pgfmoduleplot.code.
tex
File: pgfmoduleplot.code.tex 2015/08/03  (rcs-revision 1.13)
)
(/usr/local/texlive/2017/texmf-dist/tex/latex/pgf/compatibility/pgfcomp-version
-0-65.sty
Package: pgfcomp-version-0-65 2007/07/03 v3.0.1a (rcs-revision 1.7)
\pgf@nodesepstart=\dimen160
\pgf@nodesepend=\dimen161
)
(/usr/local/texlive/2017/texmf-dist/tex/latex/pgf/compatibility/pgfcomp-version
-1-18.sty
Package: pgfcomp-version-1-18 2007/07/23 v3.0.1a (rcs-revision 1.1)
))
runsystem(which pygmentize && touch example.aex)...executed.

runsystem(rm example.aex)...executed.

 (./example.aux)
\openout1 = `example.aux'.

LaTeX Font Info:    Checking defaults for OML/cmm/m/it on input line 35.
LaTeX Font Info:    ... okay on input line 35.
LaTeX Font Info:    Checking defaults for T1/cmr/m/n on input line 35.
LaTeX Font Info:    ... okay on input line 35.
LaTeX Font Info:    Checking defaults for OT1/cmr/m/n on input line 35.
LaTeX Font Info:    ... okay on input line 35.
LaTeX Font Info:    Checking defaults for OMS/cmsy/m/n on input line 35.
LaTeX Font Info:    ... okay on input line 35.
LaTeX Font Info:    Checking defaults for OMX/cmex/m/n on input line 35.
LaTeX Font Info:    ... okay on input line 35.
LaTeX Font Info:    Checking defaults for U/cmr/m/n on input line 35.
LaTeX Font Info:    ... okay on input line 35.
LaTeX Font Info:    Checking defaults for PD1/pdf/m/n on input line 35.
LaTeX Font Info:    ... okay on input line 35.
\AtBeginShipoutBox=\box41
Package hyperref Info: Link coloring ON on input line 35.

(/usr/local/texlive/2017/texmf-dist/tex/latex/hyperref/nameref.sty
Package: nameref 2016/05/21 v2.44 Cross-referencing by name of section

(/usr/local/texlive/2017/texmf-dist/tex/generic/oberdiek/gettitlestring.sty
Package: gettitlestring 2016/05/16 v1.5 Cleanup title references (HO)
)
\c@section@level=\count133
)
LaTeX Info: Redefining \ref on input line 35.
LaTeX Info: Redefining \pageref on input line 35.
LaTeX Info: Redefining \nameref on input line 35.

(./example.out) (./example.out)
\@outlinefile=\write7
\openout7 = `example.out'.

 ABD: EveryShipout initializing macros
(/usr/local/texlive/2017/texmf-dist/tex/context/base/mkii/supp-pdf.mkii
[Loading MPS to PDF converter (version 2006.09.02).]
\scratchcounter=\count134
\scratchdimen=\dimen162
\scratchbox=\box42
\nofMPsegments=\count135
\nofMParguments=\count136
\everyMPshowfont=\toks29
\MPscratchCnt=\count137
\MPscratchDim=\dimen163
\MPnumerator=\count138
\makeMPintoPDFobject=\count139
\everyMPtoPDFconversion=\toks30
) (/usr/local/texlive/2017/texmf-dist/tex/latex/oberdiek/epstopdf-base.sty
Package: epstopdf-base 2016/05/15 v2.6 Base part for package epstopdf

(/usr/local/texlive/2017/texmf-dist/tex/latex/oberdiek/grfext.sty
Package: grfext 2016/05/16 v1.2 Manage graphics extensions (HO)
)
Package epstopdf-base Info: Redefining graphics rule for `.eps' on input line 4
38.
Package grfext Info: Graphics extension search list:
(grfext)             [.png,.pdf,.jpg,.mps,.jpeg,.jbig2,.jb2,.PNG,.PDF,.JPG,.JPE
G,.JBIG2,.JB2,.eps]
(grfext)             \AppendGraphicsExtensions on input line 456.

(/usr/local/texlive/2017/texmf-dist/tex/latex/latexconfig/epstopdf-sys.cfg
File: epstopdf-sys.cfg 2010/07/13 v1.3 Configuration of (r)epstopdf for TeX Liv
e
))
LaTeX Font Info:    External font `cmex10' loaded for size
(Font)              <17.28> on input line 37.
LaTeX Font Info:    External font `cmex10' loaded for size
(Font)              <12> on input line 37.
LaTeX Font Info:    External font `cmex10' loaded for size
(Font)              <8> on input line 37.
LaTeX Font Info:    External font `cmex10' loaded for size
(Font)              <6> on input line 37.

(./example.toc
LaTeX Font Info:    External font `cmex10' loaded for size
(Font)              <7> on input line 4.
LaTeX Font Info:    External font `cmex10' loaded for size
(Font)              <5> on input line 4.
)
\tf@toc=\write8
\openout8 = `example.toc'.

 (./example.lol
\openout5 = `example.pyg'.

 (./_minted-example/default-pyg-prefix.pygstyle)
(./_minted-example/default.pygstyle)
(./_minted-example/EE813FC7A4887B0EBAE68EEB047E5F30F1BFA9815D95824948DB1A9E1189
2D91.pygtex))
\tf@lol=\write9
\openout9 = `example.lol'.

 (./example.lof)
\tf@lof=\write10
\openout10 = `example.lof'.

 [1

{/usr/local/texlive/2017/texmf-var/fonts/map/pdftex/updmap/pdftex.map}]
\openout3 = `example.pyg'.


(./_minted-example/545BA4E03A44078CF79158A01A70EFE5F1BFA9815D95824948DB1A9E1189
2D91.pygtex
LaTeX Font Info:    Font shape `OT1/cmtt/bx/n' in size <10> not available
(Font)              Font shape `OT1/cmtt/m/n' tried instead on input line 2.
)
Package hyperref Info: bookmark level for unknown listing defaults to 0 on inpu
t line 57.
\openout5 = `example.pyg'.


(./_minted-example/05FE77190768A4A80E98A0EE224CCD12F1BFA9815D95824948DB1A9E1189
2D91.pygtex)
\openout5 = `example.pyg'.


(./_minted-example/950CBAE26733FB7AC6BF79C6DB28D966F1BFA9815D95824948DB1A9E1189
2D91.pygtex)
\openout5 = `example.pyg'.


(./_minted-example/36AD0C9D14FAA9CE2C4ECDF2225897C6F1BFA9815D95824948DB1A9E1189
2D91.pygtex)
\openout5 = `example.pyg'.


(./_minted-example/097DCD9E934C3504A44F9C33A7D6D922F1BFA9815D95824948DB1A9E1189
2D91.pygtex)
\openout5 = `example.pyg'.


(./_minted-example/57DEB6CB33B449B0430303808FC23C01F1BFA9815D95824948DB1A9E1189
2D91.pygtex)
\openout5 = `example.pyg'.


(./_minted-example/EE813FC7A4887B0EBAE68EEB047E5F30F1BFA9815D95824948DB1A9E1189
2D91.pygtex)
\openout3 = `example.pyg'.


(./_minted-example/98A4B312FA50C2E7E3D27C3B2291D18BF1BFA9815D95824948DB1A9E1189
2D91.pygtex) (./img/sincos_no_latex.pgf
Missing character: There is no â in font cmss10!
Missing character: There is no ˆ in font cmss10!
Missing character: There is no ’ in font cmss10!
Missing character: There is no â in font cmss10!
Missing character: There is no ˆ in font cmss10!
Missing character: There is no ’ in font cmss10!
Missing character: There is no â in font cmss10!
Missing character: There is no ˆ in font cmss10!
Missing character: There is no ’ in font cmss10!
Missing character: There is no â in font cmss10!
Missing character: There is no ˆ in font cmss10!
Missing character: There is no ’ in font cmss10!
Missing character: There is no â in font cmss10!
Missing character: There is no ˆ in font cmss10!
Missing character: There is no ’ in font cmss10!
) [2]
\openout5 = `example.pyg'.


(./_minted-example/C4FC643C5A8D6B62C59BD9E900F41F58F1BFA9815D95824948DB1A9E1189
2D91.pygtex)
\openout3 = `example.pyg'.


(./_minted-example/D9599D1D9B077DBA7ED275222AC1D7F8F1BFA9815D95824948DB1A9E1189
2D91.pygtex)
\openout5 = `example.pyg'.


(./_minted-example/EE813FC7A4887B0EBAE68EEB047E5F30F1BFA9815D95824948DB1A9E1189
2D91.pygtex)
\openout5 = `example.pyg'.


(./_minted-example/50AB4E04387497D32DBD87EF5E558B95F1BFA9815D95824948DB1A9E1189
2D91.pygtex)
\openout5 = `example.pyg'.


(./_minted-example/645D0AC840C62F57C46E38CEF1567426F1BFA9815D95824948DB1A9E1189
2D91.pygtex)
\openout3 = `example.pyg'.


(./_minted-example/77B41C05D37F087293234FFD63F5942CF1BFA9815D95824948DB1A9E1189
2D91.pygtex)
\openout5 = `example.pyg'.


(./_minted-example/572E7A33F4926BDDA537FDB12947F7B4F1BFA9815D95824948DB1A9E1189
2D91.pygtex) (./img/sincos_defaults.pgf) [3pdfTeX warning (ext4): destination w
ith the same identifier (name{figure.1}) has been already used, duplicate ignor
ed

\AtBegShi@Output ...ipout \box \AtBeginShipoutBox 
                                                  \fi \fi 
l.123 
      ]
\openout5 = `example.pyg'.


(./_minted-example/572E7A33F4926BDDA537FDB12947F7B4F1BFA9815D95824948DB1A9E1189
2D91.pygtex)
\openout5 = `example.pyg'.


(./_minted-example/3AD1C2EA45BA3FB3A22A7D5EA28787A1F1BFA9815D95824948DB1A9E1189
2D91.pygtex)
runsystem(python -c "import sys; import os; import textwrap; from io import ope
n; f = open(os.path.expanduser(os.path.expandvars(\"../latexipy/_latexipy.py\")
), \"r\", encoding=\"UTF8\"); t = f.readlines(); f.close(); f = open(os.path.ex
panduser(os.path.expandvars(\"example.pyg\")), \"w\", encoding=\"UTF8\"); fvsta
rtnum = 22; fvstopnum = 41; s = fvstartnum-1 if fvstartnum != 0 else 0; e = fvs
topnum if fvstopnum != 0 else len(t); [f.write(textwrap.dedent(\"\".join(x))) f
or x in (t[0:s], t[s:e], t[e:]) if x]; f.close();")...executed.

runsystem(pygmentize -l python -f latex -P commandprefix=PYG -F tokenmerge -P p
ython3=True -o _minted-example/07D26254F479D2A9C0EE94CF571FACF209C8688FF59D1010
0FB61BB27842DB98.pygtex example.pyg)...executed.


(./_minted-example/07D26254F479D2A9C0EE94CF571FACF209C8688FF59D10100FB61BB27842
DB98.pygtex)
\openout5 = `example.pyg'.


(./_minted-example/809AC4971EBB15FE72467CCB40236B7DF1BFA9815D95824948DB1A9E1189
2D91.pygtex)
\openout5 = `example.pyg'.


(./_minted-example/572E7A33F4926BDDA537FDB12947F7B4F1BFA9815D95824948DB1A9E1189
2D91.pygtex) [4pdfTeX warning (ext4): destination with the same identifier (nam
e{figure.2}) has been already used, duplicate ignored

\AtBegShi@Output ...ipout \box \AtBeginShipoutBox 
                                                  \fi \fi 
l.138 
      ]
runsystem(python -c "import sys; import os; import textwrap; from io import ope
n; f = open(os.path.expanduser(os.path.expandvars(\"examples.py\")), \"r\", enc
oding=\"UTF8\"); t = f.readlines(); f.close(); f = open(os.path.expanduser(os.p
ath.expandvars(\"example.pyg\")), \"w\", encoding=\"UTF8\"); fvstartnum = 87; f
vstopnum = 90; s = fvstartnum-1 if fvstartnum != 0 else 0; e = fvstopnum if fvs
topnum != 0 else len(t); [f.write(textwrap.dedent(\"\".join(x))) for x in (t[0:
s], t[s:e], t[e:]) if x]; f.close();")...executed.

runsystem(pygmentize -l python -f latex -P commandprefix=PYG -F tokenmerge -P p
ython3=True -o _minted-example/7EBC1F186D198811C0F169D54A5639094DE89415D7A3A223
7F31F5438C1EAC6C.pygtex example.pyg)...executed.


(./_minted-example/7EBC1F186D198811C0F169D54A5639094DE89415D7A3A2237F31F5438C1E
AC6C.pygtex)
runsystem(python -c "import sys; import os; import textwrap; from io import ope
n; f = open(os.path.expanduser(os.path.expandvars(\"examples.py\")), \"r\", enc
oding=\"UTF8\"); t = f.readlines(); f.close(); f = open(os.path.expanduser(os.p
ath.expandvars(\"example.pyg\")), \"w\", encoding=\"UTF8\"); fvstartnum = 93; f
vstopnum = 101; s = fvstartnum-1 if fvstartnum != 0 else 0; e = fvstopnum if fv
stopnum != 0 else len(t); [f.write(textwrap.dedent(\"\".join(x))) for x in (t[0
:s], t[s:e], t[e:]) if x]; f.close();")...executed.

runsystem(pygmentize -l python -f latex -P commandprefix=PYG -F tokenmerge -P p
ython3=True -o _minted-example/7EBC1F186D198811C0F169D54A5639092885BB68941BB208
1FBCB1A896E16A42.pygtex example.pyg)...executed.


(./_minted-example/7EBC1F186D198811C0F169D54A5639092885BB68941BB2081FBCB1A896E1
6A42.pygtex)
\openout5 = `example.pyg'.


(./_minted-example/572E7A33F4926BDDA537FDB12947F7B4F1BFA9815D95824948DB1A9E1189
2D91.pygtex)
\openout5 = `example.pyg'.


(./_minted-example/572E7A33F4926BDDA537FDB12947F7B4F1BFA9815D95824948DB1A9E1189
2D91.pygtex) (./img/sincos_big_font_temp.pgf) [5]
\openout5 = `example.pyg'.


(./_minted-example/710E4C04E27C055287F1E26886979CB6F1BFA9815D95824948DB1A9E1189
2D91.pygtex)
\openout5 = `example.pyg'.


(./_minted-example/EE813FC7A4887B0EBAE68EEB047E5F30F1BFA9815D95824948DB1A9E1189
2D91.pygtex)
\openout5 = `example.pyg'.


(./_minted-example/6F0CB8CE082A1D25DCFE12801403F58BF1BFA9815D95824948DB1A9E1189
2D91.pygtex)
\openout5 = `example.pyg'.


(./_minted-example/F26034EB99492BF43150FD3EB2A1A3BDF1BFA9815D95824948DB1A9E1189
2D91.pygtex)
\openout5 = `example.pyg'.


(./_minted-example/EE813FC7A4887B0EBAE68EEB047E5F30F1BFA9815D95824948DB1A9E1189
2D91.pygtex)
\openout5 = `example.pyg'.


(./_minted-example/EADFA32614C6EBF25F4C929607272A52F1BFA9815D95824948DB1A9E1189
2D91.pygtex)
\openout5 = `example.pyg'.


(./_minted-example/E655BB0B92F40DDBD53AB4D23C30A969F1BFA9815D95824948DB1A9E1189
2D91.pygtex)
\openout3 = `example.pyg'.


(./_minted-example/4A03D091C369AE28E37FB59E453276BCF1BFA9815D95824948DB1A9E1189
2D91.pygtex)
\openout5 = `example.pyg'.


(./_minted-example/F859F480BE02C22DF3984F99D1832D0EF1BFA9815D95824948DB1A9E1189
2D91.pygtex)
\openout5 = `example.pyg'.


(./_minted-example/EADFA32614C6EBF25F4C929607272A52F1BFA9815D95824948DB1A9E1189
2D91.pygtex)
LaTeX Font Info:    External font `cmex10' loaded for size
(Font)              <14.4> on input line 183.
\openout5 = `example.pyg'.


(./_minted-example/82DB688C53E41EDDE36384833B7A6DF991C6C36D318C3EB929F3C985E81E
6FFA.pygtex)
\openout5 = `example.pyg'.


(./_minted-example/2E4A62243C31D1A5B833639A34B5049891C6C36D318C3EB929F3C985E81E
6FFA.pygtex [6pdfTeX warning (ext4): destination with the same identifier (name
{figure.3}) has been already used, duplicate ignored

\AtBegShi@Output ...ipout \box \AtBeginShipoutBox 
                                                  \fi \fi 
l.3 \end{Verbatim}
                  ])
\openout5 = `example.pyg'.


(./_minted-example/B59D5A515A8092DCB02BF398366FF6E391C6C36D318C3EB929F3C985E81E
6FFA.pygtex)
\openout3 = `example.pyg'.


(./_minted-example/93E39804131A281463E3D31D1F37BA8191C6C36D318C3EB929F3C985E81E
6FFA.pygtex)
\openout5 = `example.pyg'.


(./_minted-example/D237E0008881E42C134D533F55B513E791C6C36D318C3EB929F3C985E81E
6FFA.pygtex)
\openout5 = `example.pyg'.

runsystem(python -c "import sys; import os; import textwrap; from io import ope
n; f = open(os.path.expanduser(os.path.expandvars(\"example.pyg\")), \"r\", enc
oding=\"UTF8\"); t = f.readlines(); f.close(); f = open(os.path.expanduser(os.p
ath.expandvars(\"example.pyg\")), \"w\", encoding=\"UTF8\"); fvstartnum = 0; fv
stopnum = 0; s = fvstartnum-1 if fvstartnum != 0 else 0; e = fvstopnum if fvsto
pnum != 0 else len(t); [f.write(textwrap.dedent(\"\".join(x))) for x in (t[0:s]
, t[s:e], t[e:]) if x]; f.close();")...executed.

runsystem(pygmentize -l latex -f latex -P commandprefix=PYG -F tokenmerge -o _m
inted-example/451C6F6F942EBA07F20DE1721BE7400291C6C36D318C3EB929F3C985E81E6FFA.
pygtex example.pyg)...executed.


(./_minted-example/451C6F6F942EBA07F20DE1721BE7400291C6C36D318C3EB929F3C985E81E
6FFA.pygtex)
\openout3 = `example.pyg'.


(./_minted-example/C4F4601A6C84D04966934A945FB033E891C6C36D318C3EB929F3C985E81E
6FFA.pygtex)
\openout3 = `example.pyg'.


(./_minted-example/AF9B9B4496EA17D9A48EFBDE9F0A3F8591C6C36D318C3EB929F3C985E81E
6FFA.pygtex)
\openout5 = `example.pyg'.


(./_minted-example/EB399DEF54727024CB940BBD405D1F2491C6C36D318C3EB929F3C985E81E
6FFA.pygtex)
\openout5 = `example.pyg'.


(./_minted-example/EB399DEF54727024CB940BBD405D1F2491C6C36D318C3EB929F3C985E81E
6FFA.pygtex) [7]
runsystem(rm _minted-example/787CAB62836E63CE322E111A6C8E221D09C8688FF59D10100F
B61BB27842DB98.pygtex)...executed.

runsystem(rm _minted-example/1111C5DDF182013B2FDBA1C22089EFA94DE89415D7A3A2237F
31F5438C1EAC6C.pygtex)...executed.

runsystem(rm _minted-example/1111C5DDF182013B2FDBA1C22089EFA92885BB68941BB2081F
BCB1A896E16A42.pygtex)...executed.

runsystem(rm _minted-example/C03ABD379B95CF546677E468C5DC8D9091C6C36D318C3EB929
F3C985E81E6FFA.pygtex)...executed.

 [8]
Package atveryend Info: Empty hook `BeforeClearDocument' on input line 244.
Package atveryend Info: Empty hook `AfterLastShipout' on input line 244.
 (./example.aux)
Package atveryend Info: Executing hook `AtVeryEndDocument' on input line 244.
Package atveryend Info: Executing hook `AtEndAfterFileList' on input line 244.
Package rerunfilecheck Info: File `example.out' has not changed.
(rerunfilecheck)             Checksum: F81DB8631B582B5E9689E3A34E0E5859;504.
runsystem(rm example.pyg)...executed.

Package atveryend Info: Empty hook `AtVeryVeryEnd' on input line 244.
 ) 
Here is how much of TeX's memory you used:
 17250 strings out of 492995
 336420 string characters out of 6132705
 449683 words of memory out of 5000000
 20361 multiletter control sequences out of 15000+600000
 10692 words of font info for 38 fonts, out of 8000000 for 9000
 1141 hyphenation exceptions out of 8191
 48i,6n,45p,955b,518s stack positions out of 5000i,500n,10000p,200000b,80000s
</usr/local/texlive/2017/texmf-dist/fonts/type1/public/amsfonts/cm/cmbx10.pfb
></usr/local/texlive/2017/texmf-dist/fonts/type1/public/amsfonts/cm/cmbx12.pfb>
</usr/local/texlive/2017/texmf-dist/fonts/type1/public/amsfonts/cm/cmbx7.pfb></
usr/local/texlive/2017/texmf-dist/fonts/type1/public/amsfonts/cm/cmbx8.pfb></us
r/local/texlive/2017/texmf-dist/fonts/type1/public/amsfonts/cm/cmitt10.pfb></us
r/local/texlive/2017/texmf-dist/fonts/type1/public/amsfonts/cm/cmmi10.pfb></usr
/local/texlive/2017/texmf-dist/fonts/type1/public/amsfonts/cm/cmmi8.pfb></usr/l
ocal/texlive/2017/texmf-dist/fonts/type1/public/amsfonts/cm/cmr10.pfb></usr/loc
al/texlive/2017/texmf-dist/fonts/type1/public/amsfonts/cm/cmr12.pfb></usr/local
/texlive/2017/texmf-dist/fonts/type1/public/amsfonts/cm/cmr17.pfb></usr/local/t
exlive/2017/texmf-dist/fonts/type1/public/amsfonts/cm/cmr7.pfb></usr/local/texl
ive/2017/texmf-dist/fonts/type1/public/amsfonts/cm/cmr8.pfb></usr/local/texlive
/2017/texmf-dist/fonts/type1/public/amsfonts/cm/cmss10.pfb></usr/local/texlive/
2017/texmf-dist/fonts/type1/public/amsfonts/cm/cmss12.pfb></usr/local/texlive/2
017/texmf-dist/fonts/type1/public/amsfonts/cm/cmsy10.pfb></usr/local/texlive/20
17/texmf-dist/fonts/type1/public/amsfonts/cm/cmsy8.pfb></usr/local/texlive/2017
/texmf-dist/fonts/type1/public/amsfonts/cm/cmtt10.pfb>
Output written on example.pdf (8 pages, 193700 bytes).
PDF statistics:
 212 PDF objects out of 1000 (max. 8388607)
 183 compressed objects within 2 object streams
 34 named destinations out of 1000 (max. 500000)
 85 words of extra memory for PDF output out of 10000 (max. 10000000)

